1725991983963:education
1725992018308:education --numberOfParticipants
1725992031775:help
1725992061565:education 3
1725992067795:education 4
1725992072358:education 1
1726007526760:random --busywork
1726007532391:random busywork
1726008391379:random bus
1726008402548:random --busywork
1726080680550:random busywork
1726080696743:random social
1726080702369:random social 3
1726081435398:random
1726081446920:random busywork
1726081452978:random education 2
1726081456958:random education 1
1726081459764:random education 4
1726081464933:random recreational 3
1726081469172:random recreational
1726081476267:random recreational 8
1726081480390:random social 9
1726081483900:ra
1726081485659:jofa#
1726081488054:random  f
1726146985869:help
1726147593507:random
1726147598639:help
1726147643229:random
1726147643412:help
1726147656781:random
1726147656965:help
1726147807686:random
1726147807791:random busywork
1726147807898:random social 4
1726147808088:help
1726147833232:random
1726147833334:random busywork
1726147838497:help
1726147962637:random
1726147962821:random busywork
1726147967976:help
1726147968151:random social 4
1726148265200:random
1726148265389:random busywork
1726148270520:help
1726148270694:random social 4
1726148616380:random
1726148616564:random example
1726148616743:help
1726148616916:random example 1
1726148770140:random
1726148770343:random example
1726148770522:help
1726148770698:random example 1
1726148774770:random
1726148774957:random example
1726148775131:help
1726148775301:random example 1
1726148840609:random
1726148840795:random example
1726148840973:help
1726148841143:random example 1
1726148845401:random
1726148845590:random example
1726148845760:help
1726148845932:random example 1
1726148863696:random
1726148863880:random example
1726148864053:help
1726148864225:random example 1
1726148869613:random
1726148869800:random example
1726148869973:help
1726148870145:random example 1
